<?xml version="1.0" encoding="UTF-8"?>
<!-- Generated by org.testng.reporters.JUnitReportReporter -->
<testsuite hostname="MacBook-Air.local" failures="0" tests="5" name="Test.Day3" time="0.016" errors="0" timestamp="2021-06-24T11:22:35 IST" skipped="1">
  <testcase classname="Test.Day3" name="apiLoginCarLoan" time="0.001"/>
  <system-out/>
  <testcase classname="Test.Day3" name="repeat3" time="0.002"/>
  <system-out/>
  <testcase classname="Test.Day3" name="mobileLoginCarLoan" time="0.011"/>
  <system-out/>
  <testcase classname="Test.Day3" name="webLoginCarLoan" time="0.002"/>
  <system-out/>
  <testcase classname="Test.Day3" name="iPadLoginCarLoan">
    <skipped/>
  </testcase> <!-- iPadLoginCarLoan -->
  <system-out/>
</testsuite> <!-- Test.Day3 -->
