<?xml version="1.0" encoding="UTF-8"?>
<!-- Generated by org.testng.reporters.JUnitReportReporter -->
<testsuite hostname="MacBook-Air.local" failures="0" tests="1" name="Test.Day4$Day3" time="0.002" errors="0" timestamp="2021-06-24T10:07:16 IST" skipped="0">
  <testcase classname="Test.Day4$Day3" name="repeat4" time="0.002"/>
  <system-out/>
</testsuite> <!-- Test.Day4$Day3 -->
