<?xml version="1.0" encoding="UTF-8"?>
<!-- Generated by org.testng.reporters.JUnitReportReporter -->
<testsuite hostname="MacBook-Air.local" failures="0" tests="1" name="Test.Day1" time="0.010" errors="0" timestamp="2021-06-24T10:07:16 IST" skipped="0">
  <testcase classname="Test.Day1" name="repeat" time="0.010"/>
  <system-out/>
</testsuite> <!-- Test.Day1 -->
